<?xml version="1.0" encoding="UTF-8"?>
<testng-results ignored="0" total="1" passed="1" failed="0" skipped="0">
  <reporter-output>
  </reporter-output>
  <suite started-at="2023-10-11T19:29:14 IST" name="Default suite" finished-at="2023-10-11T19:29:59 IST" duration-ms="45038">
    <groups>
    </groups>
    <test started-at="2023-10-11T19:29:14 IST" name="Default test" finished-at="2023-10-11T19:29:59 IST" duration-ms="45038">
      <class name="testngpkg.Multipletabs">
        <test-method is-config="true" signature="setUp()[pri:0, instance:testngpkg.Multipletabs@2e3967ea]" started-at="2023-10-11T19:29:14 IST" name="setUp" finished-at="2023-10-11T19:29:48 IST" duration-ms="33596" status="PASS">
          <reporter-output>
          </reporter-output>
        </test-method> <!-- setUp -->
        <test-method signature="test1()[pri:0, instance:testngpkg.Multipletabs@2e3967ea]" started-at="2023-10-11T19:29:48 IST" name="test1" finished-at="2023-10-11T19:29:59 IST" duration-ms="11369" status="PASS">
          <reporter-output>
          </reporter-output>
        </test-method> <!-- test1 -->
      </class> <!-- testngpkg.Multipletabs -->
    </test> <!-- Default test -->
  </suite> <!-- Default suite -->
</testng-results>
